<?xml version="1.0" encoding="UTF-8"?>
<!-- Generated by org.testng.reporters.JUnitXMLReporter -->
<testsuite ignored="0" hostname="LenovoIdeapad" failures="0" tests="1" name="Checkout Test" time="0.04" errors="0" timestamp="2025-05-21T17:50:54 IST">
  <testcase classname="tests.BaseTest" name="@BeforeMethod initializeDriver" time="0.007">
    <failure type="java.lang.NullPointerException" message="Cannot invoke &amp;quot;org.openqa.selenium.WebDriver.manage()&amp;quot; because &amp;quot;tests.BaseTest.driver&amp;quot; is null">
      <![CDATA[java.lang.NullPointerException: Cannot invoke "org.openqa.selenium.WebDriver.manage()" because "tests.BaseTest.driver" is null
at tests.BaseTest.initializeDriver(BaseTest.java:55)
at java.base/java.util.ArrayList.forEach(ArrayList.java:1596)
... Removed 33 stack frames]]>
    </failure>
  </testcase> <!-- @BeforeMethod initializeDriver -->
  <testcase classname="tests.BaseTest" name="@AfterMethod tearDown" time="0.0">
    <skipped/>
  </testcase> <!-- @AfterMethod tearDown -->
  <testcase classname="tests.CheckoutFlowTest" name="testCheckoutFlow" time="0.0">
    <skipped/>
  </testcase> <!-- testCheckoutFlow -->
</testsuite> <!-- Checkout Test -->
