<?xml version="1.0" encoding="UTF-8"?>
<testng-results ignored="0" total="1" passed="1" failed="0" skipped="0">
  <reporter-output>
  </reporter-output>
  <suite started-at="2025-05-22T17:26:39 IST" name="SauceDemo Suite" finished-at="2025-05-22T17:26:44 IST" duration-ms="4438">
    <groups>
    </groups>
    <test started-at="2025-05-22T17:26:39 IST" name="Checkout Test" finished-at="2025-05-22T17:26:44 IST" duration-ms="4438">
      <class name="tests.CheckoutFlowTest">
        <test-method is-config="true" signature="initializeDriver()[pri:0, instance:tests.CheckoutFlowTest@2235eaab]" started-at="2025-05-22T17:26:39 IST" name="initializeDriver" finished-at="2025-05-22T17:26:43 IST" duration-ms="3309" status="PASS">
          <reporter-output>
          </reporter-output>
        </test-method> <!-- initializeDriver -->
        <test-method signature="testCheckoutFlow()[pri:0, instance:tests.CheckoutFlowTest@2235eaab]" started-at="2025-05-22T17:26:43 IST" name="testCheckoutFlow" finished-at="2025-05-22T17:26:44 IST" duration-ms="1008" status="PASS">
          <reporter-output>
          </reporter-output>
        </test-method> <!-- testCheckoutFlow -->
        <test-method is-config="true" signature="tearDown()[pri:0, instance:tests.CheckoutFlowTest@2235eaab]" started-at="2025-05-22T17:26:44 IST" name="tearDown" finished-at="2025-05-22T17:26:44 IST" duration-ms="91" status="PASS">
          <reporter-output>
          </reporter-output>
        </test-method> <!-- tearDown -->
      </class> <!-- tests.CheckoutFlowTest -->
    </test> <!-- Checkout Test -->
  </suite> <!-- SauceDemo Suite -->
</testng-results>
